7/6/2019 10:08:53 AM
 
7/6/2019 10:12:44 AM
 
7/6/2019 10:13:00 AM
 
Exception
UnityAgentsException: The Communicator was unable to connect. Please make sure the External process is ready to accept communication with Unity.
MLAgents.Batcher.SendAcademyParameters (MLAgents.CommunicatorObjects.UnityRLInitializationOutput academyParameters) (at Assets/ML-Agents/Scripts/Batcher.cs:91)
MLAgents.Academy.InitializeEnvironment () (at Assets/ML-Agents/Scripts/Academy.cs:345)
MLAgents.Academy.Awake () (at Assets/ML-Agents/Scripts/Academy.cs:250)

Exception
NullReferenceException: Object reference not set to an instance of an object
MLAgents.Academy.OnDestroy () (at Assets/ML-Agents/Scripts/Academy.cs:668)

7/6/2019 10:15:15 AM
 
7/6/2019 10:16:45 AM
 
7/6/2019 10:18:06 AM
 
7/6/2019 10:18:42 AM
 
7/6/2019 10:19:50 AM
 
7/6/2019 10:20:56 AM
 
7/6/2019 10:21:34 AM
 
7/6/2019 10:22:32 AM
 
7/6/2019 10:23:38 AM
 
7/6/2019 10:24:58 AM
 
7/6/2019 10:26:00 AM
 
7/6/2019 10:28:08 AM
 
7/6/2019 10:29:39 AM
 
Warning
Assets\ML-Agents\Scripts\Academy.cs(119,13): warning CS0649: Field 'Academy.maxSteps' is never assigned to, and will always have its default value 0

7/6/2019 10:31:20 AM
 
